<Environment>
  <KinBody name="obs0">
    <Body type="static" name="obs0_link">
      <Translation> 0.3 0 1.0 </Translation>
      <Geom type="box">
        <extents> 0.1 0.1 0.1 </extents>
        <diffuseColor>1 0 0</diffuseColor>
      </Geom>
    </Body>
  </KinBody>
</Environment>
